<?xml version="1.0" encoding="UTF-8"?>
<!-- Generated by org.testng.reporters.JUnitReportReporter -->
<testsuite hostname="DESKTOP-JH339UV" failures="0" tests="1" name="tests.LoginTest" time="4.315" errors="0" timestamp="13 Jun 2021 06:38:10 GMT" skipped="0">
  <testcase classname="tests.LoginTest" name="doLogin" time="4.315"/>
</testsuite> <!-- tests.LoginTest -->
